Running on node: habaki
In directory: /home/members/morita/Sequence_Analysis_Algorithms
Starting on: Sat Aug  2 08:50:29 UTC 2025
SLURM_JOB_ID: 4522
Text length: 1,000,000
Pattern length: 5

Running boyer-moore matching with resource monitoring...

Finished in 0.2003 seconds.
Resource log saved to log/Boyer_Moore_6_5_resource_log.csv

Finished in 0.1512 seconds.
Found 850 matches.
Number of correct matches: 1128
Number of found matches: 850
Number of matches correctly found: 850
Matches missed (correct but not found): 278
Text length: 10,000,000
Pattern length: 5

Running boyer-moore matching with resource monitoring...

Finished in 1.0003 seconds.
Resource log saved to log/Boyer_Moore_7_5_resource_log.csv

Finished in 0.9788 seconds.
Found 8,795 matches.
Number of correct matches: 9746
Number of found matches: 8795
Number of matches correctly found: 8795
Matches missed (correct but not found): 951
Text length: 100,000,000
Pattern length: 5

Running boyer-moore matching with resource monitoring...

Finished in 8.0003 seconds.
Resource log saved to log/Boyer_Moore_8_5_resource_log.csv

Finished in 7.9804 seconds.
Found 97,573 matches.
Number of correct matches: 97573
Number of found matches: 97573
Number of matches correctly found: 97573
Text length: 1,000,000,000
Pattern length: 5

Running boyer-moore matching with resource monitoring...

Finished in 68.4003 seconds.
Resource log saved to log/Boyer_Moore_9_5_resource_log.csv

Finished in 68.3172 seconds.
Found 375,349 matches.
Number of correct matches: 976846
Number of found matches: 375349
Number of matches correctly found: 375349
Matches missed (correct but not found): 601497
Text length: 1,000,000,000
Pattern length: 5

Running boyer-moore matching with resource monitoring...

Finished in 67.4003 seconds.
Resource log saved to log/Boyer_Moore_9_5_resource_log.csv

Finished in 67.3556 seconds.
Found 375,349 matches.
Number of correct matches: 976846
Number of found matches: 375349
Number of matches correctly found: 375349
Matches missed (correct but not found): 601497
Text length: 1,000,000,000
Pattern length: 5

Running boyer-moore matching with resource monitoring...

Finished in 67.4003 seconds.
Resource log saved to log/Boyer_Moore_9_5_resource_log.csv

Finished in 67.3194 seconds.
Found 375,349 matches.
Number of correct matches: 976846
Number of found matches: 375349
Number of matches correctly found: 375349
Matches missed (correct but not found): 601497
Text length: 1,000,000
Pattern length: 10

Running boyer-moore matching with resource monitoring...

Finished in 0.2003 seconds.
Resource log saved to log/Boyer_Moore_6_10_resource_log.csv

Finished in 0.1309 seconds.
Found 102 matches.
Number of correct matches: 102
Number of found matches: 102
Number of matches correctly found: 102
Text length: 10,000,000
Pattern length: 10

Running boyer-moore matching with resource monitoring...

Finished in 1.1003 seconds.
Resource log saved to log/Boyer_Moore_7_10_resource_log.csv

Finished in 1.0079 seconds.
Found 92 matches.
Number of correct matches: 108
Number of found matches: 92
Number of matches correctly found: 92
Matches missed (correct but not found): 16
Text length: 100,000,000
Pattern length: 10

Running boyer-moore matching with resource monitoring...

Finished in 6.0002 seconds.
Resource log saved to log/Boyer_Moore_8_10_resource_log.csv

Finished in 5.9934 seconds.
Found 179 matches.
Number of correct matches: 202
Number of found matches: 179
Number of matches correctly found: 179
Matches missed (correct but not found): 23
Text length: 1,000,000,000
Pattern length: 10

Running boyer-moore matching with resource monitoring...

Finished in 101.6003 seconds.
Resource log saved to log/Boyer_Moore_9_10_resource_log.csv

Finished in 101.5393 seconds.
Found 1,050 matches.
Number of correct matches: 1050
Number of found matches: 1050
Number of matches correctly found: 1050
Text length: 1,000,000,000
Pattern length: 10

Running boyer-moore matching with resource monitoring...

Finished in 100.8003 seconds.
Resource log saved to log/Boyer_Moore_9_10_resource_log.csv

Finished in 100.7504 seconds.
Found 1,050 matches.
Number of correct matches: 1050
Number of found matches: 1050
Number of matches correctly found: 1050
Text length: 1,000,000,000
Pattern length: 10

Running boyer-moore matching with resource monitoring...

Finished in 97.3002 seconds.
Resource log saved to log/Boyer_Moore_9_10_resource_log.csv

Finished in 97.2242 seconds.
Found 1,050 matches.
Number of correct matches: 1050
Number of found matches: 1050
Number of matches correctly found: 1050
Text length: 1,000,000
Pattern length: 15

Running boyer-moore matching with resource monitoring...

Finished in 0.0460 seconds.
Resource log saved to log/Boyer_Moore_6_15_resource_log.csv

Finished in 0.0455 seconds.
Found 31 matches.
Number of correct matches: 100
Number of found matches: 31
Number of matches correctly found: 31
Matches missed (correct but not found): 69
Text length: 10,000,000
Pattern length: 15

Running boyer-moore matching with resource monitoring...

Finished in 0.6003 seconds.
Resource log saved to log/Boyer_Moore_7_15_resource_log.csv

Finished in 0.5114 seconds.
Found 50 matches.
Number of correct matches: 100
Number of found matches: 50
Number of matches correctly found: 50
Matches missed (correct but not found): 50
Text length: 100,000,000
Pattern length: 15

Running boyer-moore matching with resource monitoring...

Finished in 6.8003 seconds.
Resource log saved to log/Boyer_Moore_8_15_resource_log.csv

Finished in 6.7415 seconds.
Found 54 matches.
Number of correct matches: 100
Number of found matches: 54
Number of matches correctly found: 54
Matches missed (correct but not found): 46
Text length: 1,000,000,000
Pattern length: 15

Running boyer-moore matching with resource monitoring...

Finished in 99.0002 seconds.
Resource log saved to log/Boyer_Moore_9_15_resource_log.csv

Finished in 98.9497 seconds.
Found 100 matches.
Number of correct matches: 100
Number of found matches: 100
Number of matches correctly found: 100
Text length: 1,000,000,000
Pattern length: 15

Running boyer-moore matching with resource monitoring...

Finished in 100.4003 seconds.
Resource log saved to log/Boyer_Moore_9_15_resource_log.csv

Finished in 100.3721 seconds.
Found 100 matches.
Number of correct matches: 100
Number of found matches: 100
Number of matches correctly found: 100
Text length: 1,000,000,000
Pattern length: 15

Running boyer-moore matching with resource monitoring...

Finished in 101.0003 seconds.
Resource log saved to log/Boyer_Moore_9_15_resource_log.csv

Finished in 100.9879 seconds.
Found 100 matches.
Number of correct matches: 100
Number of found matches: 100
Number of matches correctly found: 100
Text length: 1,000,000
Pattern length: 20

Running boyer-moore matching with resource monitoring...

Finished in 0.1002 seconds.
Resource log saved to log/Boyer_Moore_6_20_resource_log.csv

Finished in 0.0855 seconds.
Found 100 matches.
Number of correct matches: 100
Number of found matches: 100
Number of matches correctly found: 100
Text length: 10,000,000
Pattern length: 20

Running boyer-moore matching with resource monitoring...

Finished in 0.8003 seconds.
Resource log saved to log/Boyer_Moore_7_20_resource_log.csv

Finished in 0.7514 seconds.
Found 100 matches.
Number of correct matches: 100
Number of found matches: 100
Number of matches correctly found: 100
Text length: 100,000,000
Pattern length: 20

Running boyer-moore matching with resource monitoring...

Finished in 5.9003 seconds.
Resource log saved to log/Boyer_Moore_8_20_resource_log.csv

Finished in 5.8350 seconds.
Found 93 matches.
Number of correct matches: 100
Number of found matches: 93
Number of matches correctly found: 93
Matches missed (correct but not found): 7
Text length: 1,000,000,000
Pattern length: 20

Running boyer-moore matching with resource monitoring...

Finished in 108.3003 seconds.
Resource log saved to log/Boyer_Moore_9_20_resource_log.csv

Finished in 108.2228 seconds.
Found 100 matches.
Number of correct matches: 100
Number of found matches: 100
Number of matches correctly found: 100
Text length: 1,000,000,000
Pattern length: 20

Running boyer-moore matching with resource monitoring...

Finished in 102.7002 seconds.
Resource log saved to log/Boyer_Moore_9_20_resource_log.csv

Finished in 102.6854 seconds.
Found 100 matches.
Number of correct matches: 100
Number of found matches: 100
Number of matches correctly found: 100
Text length: 1,000,000,000
Pattern length: 20

Running boyer-moore matching with resource monitoring...

Finished in 106.4002 seconds.
Resource log saved to log/Boyer_Moore_9_20_resource_log.csv

Finished in 106.3255 seconds.
Found 100 matches.
Number of correct matches: 100
Number of found matches: 100
Number of matches correctly found: 100
Text length: 1,000,000
Pattern length: 25

Running boyer-moore matching with resource monitoring...

Finished in 0.2003 seconds.
Resource log saved to log/Boyer_Moore_6_25_resource_log.csv

Finished in 0.1378 seconds.
Found 100 matches.
Number of correct matches: 100
Number of found matches: 100
Number of matches correctly found: 100
Text length: 10,000,000
Pattern length: 25

Running boyer-moore matching with resource monitoring...

Finished in 0.7004 seconds.
Resource log saved to log/Boyer_Moore_7_25_resource_log.csv

Finished in 0.6097 seconds.
Found 100 matches.
Number of correct matches: 100
Number of found matches: 100
Number of matches correctly found: 100
Text length: 100,000,000
Pattern length: 25

Running boyer-moore matching with resource monitoring...

Finished in 12.7002 seconds.
Resource log saved to log/Boyer_Moore_8_25_resource_log.csv

Finished in 12.6915 seconds.
Found 100 matches.
Number of correct matches: 100
Number of found matches: 100
Number of matches correctly found: 100
Text length: 1,000,000,000
Pattern length: 25

Running boyer-moore matching with resource monitoring...

Finished in 75.1002 seconds.
Resource log saved to log/Boyer_Moore_9_25_resource_log.csv

Finished in 75.0928 seconds.
Found 47 matches.
Number of correct matches: 100
Number of found matches: 47
Number of matches correctly found: 47
Matches missed (correct but not found): 53
Text length: 1,000,000,000
Pattern length: 25

Running boyer-moore matching with resource monitoring...

Finished in 71.2003 seconds.
Resource log saved to log/Boyer_Moore_9_25_resource_log.csv

Finished in 71.1147 seconds.
Found 47 matches.
Number of correct matches: 100
Number of found matches: 47
Number of matches correctly found: 47
Matches missed (correct but not found): 53
Text length: 1,000,000,000
Pattern length: 25

Running boyer-moore matching with resource monitoring...

Finished in 74.0003 seconds.
Resource log saved to log/Boyer_Moore_9_25_resource_log.csv

Finished in 73.9630 seconds.
Found 47 matches.
Number of correct matches: 100
Number of found matches: 47
Number of matches correctly found: 47
Matches missed (correct but not found): 53
Finished at: Sat Aug  2 11:46:05 UTC 2025
