Running on node: habaki
In directory: /home/members/morita/Sequence_Analysis_Algorithms
Starting on: Sat Jul 26 06:03:39 UTC 2025
SLURM_JOB_ID: 4432
Text length: 1,000,000
Pattern length: 5

Running fft-convolution matching with resource monitoring...

Finished in 0.8003 seconds.
Resource log saved to log/FFT_6_5_resource_log.csv

Finished in 0.7679 seconds.
Found 1,061 matches.
Number of correct matches: 1061
Number of found matches: 1061
Number of matches correctly found: 1061
Text length: 1,000,000
Pattern length: 5

Running KMP algorithm with resource monitoring...

Finished in 0.3003 seconds.
Resource log saved to log/KMP_6_5_resource_log.csv

Finished in 0.2631 seconds.
Found 1,061 matches.
Number of correct matches: 1061
Number of found matches: 1061
Number of matches correctly found: 1061
Text length: 1,000,000
Pattern length: 5

Running boyer-moore matching with resource monitoring...

Finished in 0.1002 seconds.
Resource log saved to log/Boyer_Moore_6_5_resource_log.csv

Finished in 0.0918 seconds.
Found 392 matches.
Number of correct matches: 1061
Number of found matches: 392
Number of matches correctly found: 392
Matches missed (correct but not found): [361, 5810, 7042, 10146, 10828, 11083, 11155, 13890, 16743, 19209, 21910, 22735, 23644, 27693, 29545, 30272, 31533, 33566, 34452, 34586, 36536, 40303, 40978, 44825, 48218, 49288, 49500, 49726, 50891, 51750, 53767, 54014, 55813, 56940, 58710, 59021, 62615, 66932, 71603, 71871, 73229, 76466, 76761, 80054, 80528, 81147, 82571, 85221, 85515, 87719, 89128, 89543, 89578, 89981, 91552, 92272, 93170, 93251, 93541, 94582, 94852, 95414, 98914, 99752, 100352, 100556, 101995, 102392, 103035, 106712, 106840, 108761, 109473, 122012, 122847, 126002, 126137, 127422, 127457, 129597, 130048, 130111, 131716, 132087, 133899, 134748, 135076, 135314, 136516, 136778, 137689, 138121, 138423, 139022, 139280, 139412, 140331, 141032, 142526, 144962, 145330, 146839, 149433, 150904, 152066, 152432, 153063, 153705, 154657, 155331, 156270, 157310, 162193, 163118, 166207, 169228, 170568, 174181, 174285, 175217, 176583, 177157, 178827, 181164, 181831, 182137, 184871, 187349, 188561, 190690, 194417, 194615, 195308, 197083, 197586, 198339, 199910, 200512, 200602, 201687, 203742, 205278, 206560, 208123, 211221, 211469, 218029, 218878, 219095, 219505, 221207, 221838, 228697, 234402, 235313, 237328, 237609, 241096, 242129, 243883, 244139, 245294, 248912, 250829, 253903, 257462, 257665, 258584, 263161, 264379, 264599, 266809, 267343, 267695, 268743, 271750, 273191, 274244, 275093, 277231, 278051, 279527, 279958, 280041, 281143, 281622, 282078, 282920, 283414, 283431, 288076, 288694, 288724, 293307, 297497, 299312, 299488, 300041, 300984, 301493, 301615, 301662, 304813, 304892, 305607, 308372, 310550, 310918, 311947, 313922, 314304, 322569, 324321, 326192, 327909, 329612, 330988, 332721, 333438, 333735, 336196, 338050, 338370, 342981, 343704, 344417, 345137, 346931, 347620, 347999, 353332, 354960, 355148, 356123, 360542, 364323, 365061, 366073, 368751, 369045, 369370, 370191, 370710, 371911, 373421, 378591, 379730, 380227, 384046, 384218, 385254, 385587, 389258, 391053, 391111, 391223, 391963, 393594, 394036, 396588, 398734, 401070, 401168, 403342, 404242, 409684, 410443, 413551, 414974, 417194, 418295, 418708, 422399, 425446, 428666, 428767, 431492, 431962, 434970, 435239, 439970, 441166, 441416, 442802, 443778, 444411, 444688, 447674, 448779, 449129, 449596, 451710, 452131, 452681, 455900, 458186, 458951, 459189, 462040, 462711, 463508, 466668, 467661, 467807, 469020, 469085, 470906, 473182, 474220, 479512, 480684, 481092, 483867, 484245, 485468, 486209, 487017, 489003, 489173, 489261, 491027, 491224, 493244, 493375, 495582, 496097, 498600, 501132, 502178, 502824, 503503, 503815, 504367, 505165, 505470, 509065, 510953, 511138, 515124, 515645, 522217, 522995, 523603, 524677, 525771, 526526, 529309, 530720, 531393, 534856, 536596, 537029, 538117, 538933, 540195, 542072, 542235, 544985, 551738, 552728, 553656, 557048, 557614, 558197, 558877, 563075, 563291, 564027, 564428, 565332, 566922, 567881, 572779, 573115, 574579, 577484, 581209, 581262, 584238, 586286, 586513, 588006, 588361, 588446, 589458, 592434, 593490, 594833, 595043, 595194, 595706, 597939, 598261, 601375, 602645, 603737, 608983, 609040, 609044, 609134, 610294, 611456, 614825, 616165, 616804, 617768, 618529, 618960, 621008, 623912, 624768, 629623, 633418, 636194, 639288, 639885, 643562, 644024, 645833, 646200, 647198, 647213, 647892, 648410, 648432, 648840, 649382, 651862, 651901, 655300, 655593, 657522, 658032, 660854, 661912, 662180, 663411, 663773, 665375, 665443, 667134, 668511, 668753, 668824, 670129, 671217, 672465, 672572, 672665, 673969, 675710, 677681, 678699, 679828, 680418, 684822, 685943, 686042, 686065, 690826, 692343, 694673, 695267, 696952, 697143, 700452, 700638, 700710, 701340, 702102, 703460, 704449, 705612, 708057, 711046, 711259, 713580, 714932, 717436, 720004, 721256, 723229, 723937, 725893, 728321, 729530, 731207, 731775, 734435, 735358, 735803, 737295, 739509, 741575, 742565, 743782, 744147, 744669, 745453, 747434, 747539, 748086, 753642, 753894, 754392, 757660, 757987, 758003, 760571, 761857, 765292, 765514, 766476, 767165, 769736, 773633, 774139, 774715, 776761, 778006, 778039, 779223, 782143, 782520, 782630, 782757, 784096, 784979, 785133, 786239, 786683, 789153, 789978, 791895, 792435, 792947, 795578, 796689, 798999, 805119, 805230, 809202, 809523, 811546, 813716, 814723, 817169, 819328, 820976, 821442, 823772, 825147, 825370, 826165, 827591, 829199, 829919, 833071, 835908, 837954, 839786, 840066, 840188, 840459, 841073, 843450, 843977, 845127, 848036, 848280, 848921, 851095, 851380, 852074, 853314, 857024, 858028, 860339, 860924, 866194, 869577, 869807, 869897, 874090, 874218, 875903, 878444, 878966, 880428, 881961, 883448, 884121, 887742, 891074, 891304, 891313, 892793, 894308, 895487, 897664, 898053, 903024, 903884, 906294, 907156, 907836, 908694, 910017, 912937, 914223, 916188, 918832, 921129, 921315, 921580, 923221, 924142, 926224, 928481, 928577, 928624, 928817, 929756, 931313, 936273, 939153, 940495, 941079, 941947, 943150, 943946, 944873, 946986, 948233, 948660, 951314, 955306, 957798, 958388, 961409, 961634, 961892, 962546, 965849, 966040, 968789, 969711, 969973, 970528, 975761, 977692, 978076, 978904, 980701, 981034, 981508, 983369, 985010, 986328, 986473, 989843, 989881, 993659, 993973, 997115, 997420, 997592, 998277, 998928]
Text length: 10,000,000
Pattern length: 5

Running fft-convolution matching with resource monitoring...

Finished in 8.0003 seconds.
Resource log saved to log/FFT_7_5_resource_log.csv

Finished in 7.9766 seconds.
Found 9,824 matches.
Number of correct matches: 9824
Number of found matches: 9824
Number of matches correctly found: 9824
Text length: 10,000,000
Pattern length: 5

Running KMP algorithm with resource monitoring...

Finished in 1.9002 seconds.
Resource log saved to log/KMP_7_5_resource_log.csv

Finished in 1.8770 seconds.
Found 9,824 matches.
Number of correct matches: 9824
Number of found matches: 9824
Number of matches correctly found: 9824
Text length: 10,000,000
Pattern length: 5

Running boyer-moore matching with resource monitoring...

Finished in 1.4003 seconds.
Resource log saved to log/Boyer_Moore_7_5_resource_log.csv

Finished in 1.3715 seconds.
Found 9,824 matches.
Number of correct matches: 9824
Number of found matches: 9824
Number of matches correctly found: 9824
